<?xml version="1.0" encoding="UTF-8"?>
<!-- Generated by org.testng.reporters.JUnitReportReporter -->
<testsuite skipped="0" hostname="DESKTOP-PUDM36T" name="cucumberOptions.TestRunners" tests="1" failures="0" timestamp="2021-04-11T03:19:21 PDT" time="3.484" errors="0">
  <testcase name="backgrounds" time="3.484" classname="cucumberOptions.TestRunners"/>
  <system-out/>
</testsuite> <!-- cucumberOptions.TestRunners -->
